1
dot product OpenACC of length n = 2 : 1.52588e-05MB
expected 18 got 18: success
Host kernel took 0 s
GPU kernel took 0.0181398 s
2
dot product OpenACC of length n = 4 : 3.05176e-05MB
expected 42 got 42: success
Host kernel took 0 s
GPU kernel took 0.0182381 s
3
dot product OpenACC of length n = 8 : 6.10352e-05MB
expected 74 got 74: success
Host kernel took 0 s
GPU kernel took 0.0185969 s
4
dot product OpenACC of length n = 16 : 0.00012207MB
expected 148 got 148: success
Host kernel took 0 s
GPU kernel took 0.018563 s
5
dot product OpenACC of length n = 32 : 0.000244141MB
expected 286 got 286: success
Host kernel took 0 s
GPU kernel took 0.0183182 s
6
dot product OpenACC of length n = 64 : 0.000488281MB
expected 560 got 560: success
Host kernel took 0 s
GPU kernel took 0.0182509 s
7
dot product OpenACC of length n = 128 : 0.000976562MB
expected 1162 got 1162: success
Host kernel took 0 s
GPU kernel took 0.0183179 s
8
dot product OpenACC of length n = 256 : 0.00195312MB
expected 2408 got 2408: success
Host kernel took 9.53674e-07 s
GPU kernel took 0.0185761 s
9
dot product OpenACC of length n = 512 : 0.00390625MB
expected 4736 got 4736: success
Host kernel took 0 s
GPU kernel took 0.0185881 s
10
dot product OpenACC of length n = 1024 : 0.0078125MB
expected 9286 got 9286: success
Host kernel took 9.53674e-07 s
GPU kernel took 0.0185189 s
11
dot product OpenACC of length n = 2048 : 0.015625MB
expected 18292 got 18292: success
Host kernel took 9.53674e-07 s
GPU kernel took 0.0185962 s
12
dot product OpenACC of length n = 4096 : 0.03125MB
expected 36988 got 36988: success
Host kernel took 1.90735e-06 s
GPU kernel took 0.0183032 s
13
dot product OpenACC of length n = 8192 : 0.0625MB
expected 73910 got 73910: success
Host kernel took 4.05312e-06 s
GPU kernel took 0.018508 s
14
dot product OpenACC of length n = 16384 : 0.125MB
expected 147098 got 147098: success
Host kernel took 1.71661e-05 s
GPU kernel took 0.0185368 s
15
dot product OpenACC of length n = 32768 : 0.25MB
expected 293992 got 293992: success
Host kernel took 3.88622e-05 s
GPU kernel took 0.018235 s
16
dot product OpenACC of length n = 65536 : 0.5MB
expected 588374 got 588374: success
Host kernel took 6.48499e-05 s
GPU kernel took 0.0185421 s
17
dot product OpenACC of length n = 131072 : 1MB
expected 1.17832e+06 got 1.17832e+06: success
Host kernel took 0.000118017 s
GPU kernel took 0.019002 s
18
dot product OpenACC of length n = 262144 : 2MB
expected 2.35962e+06 got 2.35962e+06: success
Host kernel took 0.000215054 s
GPU kernel took 0.019136 s
19
dot product OpenACC of length n = 524288 : 4MB
expected 4.72313e+06 got 4.72313e+06: success
Host kernel took 0.000427961 s
GPU kernel took 0.0192528 s
20
dot product OpenACC of length n = 1048576 : 8MB
expected 9.44282e+06 got 9.44282e+06: success
Host kernel took 0.000834942 s
GPU kernel took 0.0204811 s
21
dot product OpenACC of length n = 2097152 : 16MB
expected 1.88849e+07 got 1.88849e+07: success
Host kernel took 0.00174809 s
GPU kernel took 0.0218229 s
22
dot product OpenACC of length n = 4194304 : 32MB
expected 3.77762e+07 got 3.77762e+07: success
Host kernel took 0.00416398 s
GPU kernel took 0.024276 s
23
dot product OpenACC of length n = 8388608 : 64MB
expected 7.55234e+07 got 7.55234e+07: success
Host kernel took 0.00824189 s
GPU kernel took 0.0299602 s
24
dot product OpenACC of length n = 16777216 : 128MB
expected 1.51016e+08 got 1.51016e+08: success
Host kernel took 0.016274 s
GPU kernel took 0.0408711 s
25
dot product OpenACC of length n = 33554432 : 256MB
expected 3.0201e+08 got 3.0201e+08: success
Host kernel took 0.0325871 s
GPU kernel took 0.0630839 s
26
dot product OpenACC of length n = 67108864 : 512MB
expected 6.04049e+08 got 6.04049e+08: success
Host kernel took 0.070298 s
GPU kernel took 0.107148 s
27
dot product OpenACC of length n = 134217728 : 1024MB
expected 1.20804e+09 got 1.20804e+09: success
Host kernel took 0.145735 s
GPU kernel took 0.195548 s
28
dot product OpenACC of length n = 268435456 : 2048MB
expected 2.41598e+09 got 2.41598e+09: success
Host kernel took 0.29302 s
GPU kernel took 0.372159 s
29
dot product OpenACC of length n = 536870912 : 4096MB
expected 4.83192e+09 got 4.83192e+09: success
Host kernel took 0.52132 s
GPU kernel took 0.725297 s


Batch Job Summary Report (version 21.01.1) for Job "run_script" (38755359) on daint

Job information (1/3)
-----------------------------------------------------------------------------------------------------
             Submit            Eligible               Start                 End    Elapsed Time limit
------------------- ------------------- ------------------- ------------------- ---------- ----------
2022-05-26T22:12:51 2022-05-26T22:12:51 2022-05-26T22:12:53 2022-05-26T22:14:19   00:01:26   00:05:00
-----------------------------------------------------------------------------------------------------

Job information (2/3)
-------------------------------------------------------------
    Username      Account    Partition   NNodes        Energy
------------ ------------ ------------ -------- -------------
      jramzi         uzg2        debug        1      8.211 kJ

Job information (3/3) - GPU utilization data
----------------------------------------------------
   Node name       Usage      Max mem Execution time
------------ ----------- ------------ --------------
    nid03508         5 %     4460 MiB       00:00:08
    nid03508         5 %     8556 MiB       00:00:16

