1
memcopy and daxpy test of size 2
-------
timings
-------
axpy (openmp): 9.53674e-07 s
axpy (openacc): 0.000257015 s

============ PASSED
2
srun: Job 38709953 step creation temporarily disabled, retrying (Requested nodes are busy)
srun: Step created for job 38709953
memcopy and daxpy test of size 4
-------
timings
-------
axpy (openmp): 9.53674e-07 s
axpy (openacc): 0.000251055 s

============ PASSED
3
srun: Job 38709953 step creation temporarily disabled, retrying (Requested nodes are busy)
srun: Step created for job 38709953
memcopy and daxpy test of size 8
-------
timings
-------
axpy (openmp): 0 s
axpy (openacc): 0.000256062 s

============ PASSED
4
memcopy and daxpy test of size 16
-------
timings
-------
axpy (openmp): 0 s
axpy (openacc): 0.00027895 s

============ PASSED
5
memcopy and daxpy test of size 32
-------
timings
-------
axpy (openmp): 9.53674e-07 s
axpy (openacc): 0.000254869 s

============ PASSED
6
memcopy and daxpy test of size 64
-------
timings
-------
axpy (openmp): 0 s
axpy (openacc): 0.000296116 s

============ PASSED
7
memcopy and daxpy test of size 128
-------
timings
-------
axpy (openmp): 0 s
axpy (openacc): 0.000281096 s

============ PASSED
8
memcopy and daxpy test of size 256
-------
timings
-------
axpy (openmp): 0 s
axpy (openacc): 0.000264168 s

============ PASSED
9
memcopy and daxpy test of size 512
-------
timings
-------
axpy (openmp): 9.53674e-07 s
axpy (openacc): 0.000254869 s

============ PASSED
10
memcopy and daxpy test of size 1024
-------
timings
-------
axpy (openmp): 9.53674e-07 s
axpy (openacc): 0.000261068 s

============ PASSED
15
memcopy and daxpy test of size 32768
-------
timings
-------
axpy (openmp): 5.98431e-05 s
axpy (openacc): 0.000316143 s

============ PASSED
20
memcopy and daxpy test of size 1048576
-------
timings
-------
axpy (openmp): 0.00128293 s
axpy (openacc): 0.00279498 s

============ PASSED
25
memcopy and daxpy test of size 33554432
-------
timings
-------
axpy (openmp): 0.0460689 s
axpy (openacc): 0.0658622 s

============ PASSED
30
call to cuMemHostAlloc(replacing malloc) returned error 1: Invalid value

srun: error: nid04280: task 0: Segmentation fault (core dumped)
srun: launch/slurm: _step_signal: Terminating StepId=38709953.13


Batch Job Summary Report (version 21.01.1) for Job "run_script" (38709953) on daint

Job information (1/2)
-----------------------------------------------------------------------------------------------------
             Submit            Eligible               Start                 End    Elapsed Time limit
------------------- ------------------- ------------------- ------------------- ---------- ----------
2022-05-24T18:13:50 2022-05-24T18:13:50 2022-05-24T18:14:49 2022-05-24T18:16:00   00:01:11   00:05:00
-----------------------------------------------------------------------------------------------------

Job information (2/2)
-------------------------------------------------------------
    Username      Account    Partition   NNodes        Energy
------------ ------------ ------------ -------- -------------
      jramzi         uzg2        debug        1      5.398 kJ

