2
memcopy and daxpy test of size 4
-------
timings
-------
axpy (openmp): 9.53674e-07 s
axpy (openacc): 0.000257015 s

============ PASSED
10
srun: Job 38709749 step creation temporarily disabled, retrying (Requested nodes are busy)
srun: Step created for job 38709749
memcopy and daxpy test of size 1024
-------
timings
-------
axpy (openmp): 9.53674e-07 s
axpy (openacc): 0.000294209 s

============ PASSED
20
srun: Job 38709749 step creation temporarily disabled, retrying (Requested nodes are busy)
srun: Step created for job 38709749
memcopy and daxpy test of size 1048576
-------
timings
-------
axpy (openmp): 0.00151896 s
axpy (openacc): 0.00275707 s

============ PASSED
30
srun: Job 38709749 step creation temporarily disabled, retrying (Requested nodes are busy)
srun: Step created for job 38709749
call to cuMemHostAlloc(replacing malloc) returned error 1: Invalid value

srun: error: nid04280: task 0: Segmentation fault (core dumped)
srun: launch/slurm: _step_signal: Terminating StepId=38709749.3
40
srun: Job 38709749 step creation temporarily disabled, retrying (Requested nodes are busy)
srun: Step created for job 38709749
memcopy and daxpy test of size 256
-------
timings
-------
axpy (openmp): 9.53674e-07 s
axpy (openacc): 0.000252962 s

============ PASSED
50
srun: Job 38709749 step creation temporarily disabled, retrying (Requested nodes are busy)
srun: Step created for job 38709749
memcopy and daxpy test of size 262144
-------
timings
-------
axpy (openmp): 0.000427961 s
axpy (openacc): 0.00114512 s

============ PASSED
60
memcopy and daxpy test of size 268435456
-------
timings
-------
axpy (openmp): 0.357852 s
axpy (openacc): 0.521513 s

============ PASSED
70
memcopy and daxpy test of size 64
-------
timings
-------
axpy (openmp): 0 s
axpy (openacc): 0.000255108 s

============ PASSED
80
memcopy and daxpy test of size 65536
-------
timings
-------
axpy (openmp): 0.000108004 s
axpy (openacc): 0.000411034 s

============ PASSED
90
memcopy and daxpy test of size 67108864
-------
timings
-------
axpy (openmp): 0.0967612 s
axpy (openacc): 0.130909 s

============ PASSED
100
memcopy and daxpy test of size 16
-------
timings
-------
axpy (openmp): 9.53674e-07 s
axpy (openacc): 0.000255108 s

============ PASSED
200
memcopy and daxpy test of size 256
-------
timings
-------
axpy (openmp): 0 s
axpy (openacc): 0.000256062 s

============ PASSED
300
memcopy and daxpy test of size 4096
-------
timings
-------
axpy (openmp): 1.90735e-06 s
axpy (openacc): 0.000269175 s

============ PASSED


Batch Job Summary Report (version 21.01.1) for Job "run_script" (38709749) on daint

Job information (1/3)
-----------------------------------------------------------------------------------------------------
             Submit            Eligible               Start                 End    Elapsed Time limit
------------------- ------------------- ------------------- ------------------- ---------- ----------
2022-05-24T18:05:56 2022-05-24T18:05:56 2022-05-24T18:09:14 2022-05-24T18:10:48   00:01:34   00:05:00
-----------------------------------------------------------------------------------------------------

Job information (2/3)
-------------------------------------------------------------
    Username      Account    Partition   NNodes        Energy
------------ ------------ ------------ -------- -------------
      jramzi         uzg2        debug        1      7.109 kJ

Job information (3/3) - GPU utilization data
----------------------------------------------------
   Node name       Usage      Max mem Execution time
------------ ----------- ------------ --------------
    nid04280         7 %     4460 MiB       00:00:07
    nid04280         4 %     1388 MiB       00:00:02

