Process rank: 6
Computed in 0.05939 seconds
Process rank: 12
Computed in 0.05931 seconds
Process rank: 23
Computed in 0.05929 seconds
Process rank: 29
Computed in 0.05929 seconds
Process rank: 35
Computed in 0.0594 seconds
Process rank: 0
pi is approximately 3.1415926555898399, Error is 0.0000000020000468
Computed in 0.04926 seconds
Computed in 0.0596 seconds
Process rank: 1
Computed in 0.05934 seconds
Process rank: 2
Computed in 0.05935 seconds
Process rank: 3
Computed in 0.0593 seconds
Process rank: 4
Computed in 0.05932 seconds
Process rank: 5
Computed in 0.05933 seconds
Process rank: 7
Computed in 0.05936 seconds
Process rank: 8
Computed in 0.0594 seconds
Process rank: 9
Computed in 0.05936 seconds
Process rank: 10
Computed in 0.05941 seconds
Process rank: 11
Computed in 0.05929 seconds
Process rank: 13
Computed in 0.05933 seconds
Process rank: 14
Computed in 0.05934 seconds
Process rank: 15
Computed in 0.05933 seconds
Process rank: 16
Computed in 0.05938 seconds
Process rank: 17
Computed in 0.05941 seconds
Process rank: 18
Computed in 0.05949 seconds
Process rank: 19
Computed in 0.05938 seconds
Process rank: 20
Computed in 0.05947 seconds
Process rank: 21
Computed in 0.05942 seconds
Process rank: 22
Computed in 0.05942 seconds
Process rank: 24
Computed in 0.05935 seconds
Process rank: 25
Computed in 0.05936 seconds
Process rank: 26
Computed in 0.05935 seconds
Process rank: 27
Computed in 0.05933 seconds
Process rank: 28
Computed in 0.05941 seconds
Process rank: 30
Computed in 0.05935 seconds
Process rank: 31
Computed in 0.05942 seconds
Process rank: 32
Computed in 0.05943 seconds
Process rank: 33
Computed in 0.05945 seconds
Process rank: 34
Computed in 0.05936 seconds


Batch Job Summary Report (version 21.01.1) for Job "cpi_mpi_jr" (37112202) on daint

Job information (1/2)
-----------------------------------------------------------------------------------------------------
             Submit            Eligible               Start                 End    Elapsed Time limit
------------------- ------------------- ------------------- ------------------- ---------- ----------
2022-03-11T14:30:50 2022-03-11T14:30:50 2022-03-11T14:30:50 2022-03-11T14:31:01   00:00:11   00:05:00
-----------------------------------------------------------------------------------------------------

Job information (2/2)
-------------------------------------------------------------
    Username      Account    Partition   NNodes        Energy
------------ ------------ ------------ -------- -------------
      jramzi         uzh8        debug        1      0.416 kJ

